TN:
SF:C:/Users/herby/Videos/2nd/SendIT-develop/server/server.js
FN:10,(anonymous_1)
FN:18,(anonymous_2)
FNF:2
FNH:1
FNDA:0,(anonymous_1)
FNDA:1,(anonymous_2)
DA:1,1
DA:3,1
DA:5,1
DA:7,1
DA:8,1
DA:10,1
DA:11,0
DA:14,1
DA:16,1
DA:18,1
DA:19,1
LF:11
LH:10
BRDA:16,0,0,1
BRDA:16,0,1,1
BRF:2
BRH:2
end_of_record
TN:
SF:C:/Users/herby/Videos/2nd/SendIT-develop/server/controllers/parcel.js
FN:14,findAll
FN:19,findById
FN:22,(anonymous_3)
FN:28,(anonymous_4)
FN:33,createParcel
FN:47,(anonymous_6)
FN:48,(anonymous_7)
FN:53,updateParcel
FN:58,cancelParcel
FN:65,parcelUpdater
FN:68,(anonymous_11)
FN:74,(anonymous_12)
FNF:12
FNH:9
FNDA:1,findAll
FNDA:2,findById
FNDA:2,(anonymous_3)
FNDA:0,(anonymous_4)
FNDA:2,createParcel
FNDA:1,(anonymous_6)
FNDA:0,(anonymous_7)
FNDA:1,updateParcel
FNDA:2,cancelParcel
FNDA:3,parcelUpdater
FNDA:3,(anonymous_11)
FNDA:0,(anonymous_12)
DA:1,1
DA:5,1
DA:7,1
DA:8,1
DA:13,1
DA:14,1
DA:15,1
DA:16,1
DA:19,1
DA:20,2
DA:23,2
DA:24,1
DA:26,1
DA:28,0
DA:33,4
DA:34,2
DA:37,2
DA:38,1
DA:40,1
DA:45,1
DA:47,1
DA:48,0
DA:53,1
DA:54,1
DA:58,1
DA:59,2
DA:65,3
DA:66,3
DA:69,3
DA:70,1
DA:72,2
DA:74,0
LF:32
LH:29
BRDA:23,0,0,1
BRDA:23,0,1,1
BRDA:37,1,0,1
BRDA:37,1,1,1
BRDA:42,2,0,1
BRDA:42,2,1,1
BRDA:65,3,0,3
BRDA:65,3,1,0
BRDA:65,4,0,3
BRDA:65,4,1,3
BRDA:69,5,0,1
BRDA:69,5,1,2
BRF:12
BRH:11
end_of_record
TN:
SF:C:/Users/herby/Videos/2nd/SendIT-develop/server/controllers/user.js
FN:11,findUserParcels
FN:14,(anonymous_2)
FN:20,(anonymous_3)
FN:25,createUser
FN:35,(anonymous_5)
FN:40,(anonymous_6)
FN:41,(anonymous_7)
FN:51,(anonymous_8)
FN:52,(anonymous_9)
FN:65,authenticateUser
FN:68,(anonymous_11)
FN:72,(anonymous_12)
FN:82,(anonymous_13)
FNF:13
FNH:10
FNDA:3,findUserParcels
FNDA:3,(anonymous_2)
FNDA:0,(anonymous_3)
FNDA:3,createUser
FNDA:2,(anonymous_5)
FNDA:1,(anonymous_6)
FNDA:1,(anonymous_7)
FNDA:1,(anonymous_8)
FNDA:0,(anonymous_9)
FNDA:2,authenticateUser
FNDA:2,(anonymous_11)
FNDA:2,(anonymous_12)
FNDA:0,(anonymous_13)
DA:1,1
DA:3,1
DA:4,1
DA:5,1
DA:9,1
DA:11,1
DA:12,3
DA:15,3
DA:16,1
DA:18,2
DA:20,0
DA:25,6
DA:26,3
DA:27,3
DA:28,1
DA:30,2
DA:33,2
DA:35,2
DA:36,2
DA:37,1
DA:40,1
DA:41,1
DA:42,1
DA:43,0
DA:44,0
DA:48,1
DA:49,1
DA:51,1
DA:52,0
DA:65,1
DA:66,2
DA:68,2
DA:70,2
DA:73,2
DA:74,1
DA:80,1
DA:82,0
LF:37
LH:32
BRDA:15,0,0,1
BRDA:15,0,1,2
BRDA:27,1,0,1
BRDA:27,1,1,2
BRDA:36,2,0,1
BRDA:36,2,1,1
BRDA:42,3,0,0
BRDA:42,3,1,1
BRDA:73,4,0,1
BRDA:73,4,1,1
BRF:10
BRH:9
end_of_record
TN:
SF:C:/Users/herby/Videos/2nd/SendIT-develop/server/data/Data.js
FN:5,DataModel
FN:22,(anonymous_9)
FN:32,(anonymous_11)
FN:36,(anonymous_12)
FN:47,(anonymous_14)
FN:70,(anonymous_16)
FNF:6
FNH:5
FNDA:53,DataModel
FNDA:26,(anonymous_9)
FNDA:2,(anonymous_11)
FNDA:2,(anonymous_12)
FNDA:3,(anonymous_14)
FNDA:0,(anonymous_16)
DA:1,1
DA:2,1
DA:5,53
DA:6,53
DA:7,53
DA:11,5
DA:14,26
DA:15,26
DA:20,26
DA:21,26
DA:22,26
DA:23,26
DA:24,26
DA:26,0
DA:31,2
DA:32,2
DA:33,2
DA:34,2
DA:36,2
DA:39,2
DA:41,0
DA:46,3
DA:47,3
DA:48,3
DA:49,3
DA:50,3
DA:51,3
DA:52,2
DA:59,1
DA:62,0
DA:67,0
DA:68,0
DA:69,0
DA:70,0
DA:71,0
DA:72,0
DA:74,0
DA:80,24
LF:38
LH:28
BRDA:23,0,0,26
BRDA:23,0,1,0
BRDA:35,1,0,2
BRDA:35,1,1,0
BRDA:51,2,0,2
BRDA:51,2,1,1
BRDA:51,3,0,3
BRDA:51,3,1,3
BRDA:71,4,0,0
BRDA:71,4,1,0
BRDA:71,5,0,0
BRDA:71,5,1,0
BRF:12
BRH:6
end_of_record
TN:
SF:C:/Users/herby/Videos/2nd/SendIT-develop/server/data/Parcel.js
FN:3,Parcel
FNF:1
FNH:1
FNDA:34,Parcel
DA:1,1
DA:3,68
LF:2
LH:2
BRDA:3,0,0,34
BRDA:3,0,1,0
BRF:2
BRH:1
end_of_record
TN:
SF:C:/Users/herby/Videos/2nd/SendIT-develop/server/data/User.js
FN:5,User
FN:11,(anonymous_10)
FN:16,(anonymous_11)
FNF:3
FNH:3
FNDA:18,User
FNDA:3,(anonymous_10)
FNDA:2,(anonymous_11)
DA:1,1
DA:2,1
DA:5,36
DA:9,3
DA:11,3
DA:12,3
DA:13,3
DA:14,2
DA:16,2
DA:20,1
DA:23,0
LF:11
LH:10
BRDA:5,0,0,18
BRDA:5,0,1,0
BRDA:13,1,0,2
BRDA:13,1,1,1
BRF:4
BRH:3
end_of_record
TN:
SF:C:/Users/herby/Videos/2nd/SendIT-develop/server/routes/api/v1/index.js
FNF:0
FNH:0
DA:1,1
DA:2,1
DA:3,1
DA:5,1
DA:7,1
LF:5
LH:5
BRF:0
BRH:0
end_of_record
TN:
SF:C:/Users/herby/Videos/2nd/SendIT-develop/server/routes/api/v1/parcel.js
FNF:0
FNH:0
DA:1,1
DA:3,1
DA:11,1
DA:13,1
LF:4
LH:4
BRF:0
BRH:0
end_of_record
TN:
SF:C:/Users/herby/Videos/2nd/SendIT-develop/server/routes/api/v1/user.js
FNF:0
FNH:0
DA:1,1
DA:2,1
DA:8,1
DA:11,1
LF:4
LH:4
BRF:0
BRH:0
end_of_record
TN:
SF:C:/Users/herby/Videos/2nd/SendIT-develop/server/test/endpoints/parcel.spec.js
FN:29,(anonymous_1)
FN:31,(anonymous_2)
FN:34,(anonymous_3)
FN:40,(anonymous_4)
FN:41,(anonymous_5)
FN:45,(anonymous_6)
FN:58,(anonymous_7)
FN:59,(anonymous_8)
FN:64,(anonymous_9)
FN:75,(anonymous_10)
FN:76,(anonymous_11)
FN:81,(anonymous_12)
FN:101,(anonymous_13)
FN:102,(anonymous_14)
FN:106,(anonymous_15)
FN:122,(anonymous_16)
FN:123,(anonymous_17)
FN:127,(anonymous_18)
FN:140,(anonymous_19)
FN:141,(anonymous_20)
FN:149,(anonymous_21)
FN:169,(anonymous_22)
FN:170,(anonymous_23)
FN:175,(anonymous_24)
FN:192,(anonymous_25)
FN:193,(anonymous_26)
FN:198,(anonymous_27)
FNF:27
FNH:27
FNDA:1,(anonymous_1)
FNDA:8,(anonymous_2)
FNDA:8,(anonymous_3)
FNDA:1,(anonymous_4)
FNDA:1,(anonymous_5)
FNDA:1,(anonymous_6)
FNDA:1,(anonymous_7)
FNDA:1,(anonymous_8)
FNDA:1,(anonymous_9)
FNDA:1,(anonymous_10)
FNDA:1,(anonymous_11)
FNDA:1,(anonymous_12)
FNDA:1,(anonymous_13)
FNDA:1,(anonymous_14)
FNDA:1,(anonymous_15)
FNDA:1,(anonymous_16)
FNDA:1,(anonymous_17)
FNDA:1,(anonymous_18)
FNDA:1,(anonymous_19)
FNDA:1,(anonymous_20)
FNDA:1,(anonymous_21)
FNDA:1,(anonymous_22)
FNDA:1,(anonymous_23)
FNDA:1,(anonymous_24)
FNDA:1,(anonymous_25)
FNDA:1,(anonymous_26)
FNDA:1,(anonymous_27)
DA:1,1
DA:2,1
DA:5,1
DA:7,1
DA:8,1
DA:14,1
DA:15,1
DA:18,1
DA:29,1
DA:31,1
DA:32,8
DA:34,1
DA:35,8
DA:40,1
DA:41,1
DA:42,1
DA:46,1
DA:47,1
DA:48,1
DA:49,1
DA:50,1
DA:51,1
DA:58,1
DA:59,1
DA:60,1
DA:65,1
DA:66,1
DA:69,1
DA:70,1
DA:71,1
DA:75,1
DA:76,1
DA:77,1
DA:82,1
DA:83,1
DA:84,1
DA:87,1
DA:88,1
DA:89,1
DA:90,1
DA:91,1
DA:92,1
DA:93,1
DA:94,1
DA:101,1
DA:102,1
DA:103,1
DA:107,1
DA:108,1
DA:109,1
DA:110,1
DA:111,1
DA:112,1
DA:113,1
DA:114,1
DA:115,1
DA:122,1
DA:123,1
DA:124,1
DA:128,1
DA:129,1
DA:130,1
DA:133,1
DA:140,1
DA:141,1
DA:142,1
DA:150,1
DA:151,1
DA:154,1
DA:155,1
DA:156,1
DA:159,1
DA:162,1
DA:169,1
DA:170,1
DA:171,1
DA:176,1
DA:177,1
DA:180,1
DA:181,1
DA:182,1
DA:185,1
DA:192,1
DA:193,1
DA:194,1
DA:199,1
DA:200,1
DA:203,1
LF:88
LH:88
BRF:0
BRH:0
end_of_record
TN:
SF:C:/Users/herby/Videos/2nd/SendIT-develop/server/test/endpoints/user.spec.js
FN:35,(anonymous_7)
FN:37,_callee
FN:45,(anonymous_10)
FN:49,(anonymous_11)
FN:50,(anonymous_12)
FN:54,(anonymous_13)
FN:65,(anonymous_14)
FN:66,(anonymous_15)
FN:70,(anonymous_16)
FN:80,(anonymous_17)
FN:81,(anonymous_18)
FN:85,(anonymous_19)
FN:96,(anonymous_20)
FN:97,(anonymous_21)
FN:102,(anonymous_22)
FN:118,(anonymous_23)
FN:123,(anonymous_24)
FN:132,(anonymous_25)
FN:137,(anonymous_26)
FN:155,(anonymous_27)
FN:156,(anonymous_28)
FN:165,(anonymous_29)
FN:180,(anonymous_30)
FN:185,(anonymous_31)
FNF:24
FNH:24
FNDA:1,(anonymous_7)
FNDA:32,_callee
FNDA:8,(anonymous_10)
FNDA:1,(anonymous_11)
FNDA:1,(anonymous_12)
FNDA:1,(anonymous_13)
FNDA:1,(anonymous_14)
FNDA:1,(anonymous_15)
FNDA:1,(anonymous_16)
FNDA:1,(anonymous_17)
FNDA:1,(anonymous_18)
FNDA:1,(anonymous_19)
FNDA:1,(anonymous_20)
FNDA:1,(anonymous_21)
FNDA:1,(anonymous_22)
FNDA:1,(anonymous_23)
FNDA:1,(anonymous_24)
FNDA:1,(anonymous_25)
FNDA:1,(anonymous_26)
FNDA:1,(anonymous_27)
FNDA:1,(anonymous_28)
FNDA:1,(anonymous_29)
FNDA:1,(anonymous_30)
FNDA:1,(anonymous_31)
DA:1,1
DA:2,1
DA:4,1
DA:5,1
DA:7,1
DA:8,1
DA:10,1
DA:11,1
DA:18,1
DA:24,1
DA:35,1
DA:37,96
DA:38,8
DA:45,1
DA:46,8
DA:47,8
DA:49,1
DA:50,1
DA:51,1
DA:55,1
DA:56,1
DA:57,1
DA:58,1
DA:59,1
DA:60,1
DA:65,1
DA:66,1
DA:67,1
DA:71,1
DA:72,1
DA:73,1
DA:74,1
DA:75,1
DA:76,1
DA:80,1
DA:81,1
DA:82,1
DA:86,1
DA:87,1
DA:88,1
DA:91,1
DA:96,1
DA:97,1
DA:98,1
DA:103,1
DA:104,1
DA:105,1
DA:108,1
DA:109,1
DA:110,1
DA:111,1
DA:112,1
DA:113,1
DA:114,1
DA:115,1
DA:118,1
DA:119,1
DA:124,1
DA:125,1
DA:126,1
DA:129,1
DA:132,1
DA:133,1
DA:138,1
DA:139,1
DA:140,1
DA:141,1
DA:144,1
DA:145,1
DA:146,1
DA:147,1
DA:148,1
DA:149,1
DA:155,1
DA:156,1
DA:157,1
DA:158,1
DA:166,1
DA:167,1
DA:168,1
DA:171,1
DA:172,1
DA:173,1
DA:174,1
DA:175,1
DA:176,1
DA:177,1
DA:180,1
DA:181,1
DA:186,1
DA:187,1
DA:190,1
LF:92
LH:92
BRDA:37,0,0,8
BRDA:37,0,1,8
BRDA:37,0,2,8
BRDA:37,0,3,8
BRF:4
BRH:4
end_of_record
TN:
SF:C:/Users/herby/Videos/2nd/SendIT-develop/server/test/functions/utils.spec.js
FN:14,(anonymous_1)
FN:15,(anonymous_2)
FN:16,(anonymous_3)
FN:24,(anonymous_4)
FN:25,(anonymous_5)
FN:31,(anonymous_6)
FN:32,(anonymous_7)
FNF:7
FNH:7
FNDA:1,(anonymous_1)
FNDA:1,(anonymous_2)
FNDA:1,(anonymous_3)
FNDA:1,(anonymous_4)
FNDA:1,(anonymous_5)
FNDA:1,(anonymous_6)
FNDA:1,(anonymous_7)
DA:1,1
DA:2,1
DA:4,1
DA:8,1
DA:10,1
DA:12,1
DA:14,1
DA:15,1
DA:16,1
DA:17,1
DA:18,1
DA:19,1
DA:20,1
DA:24,1
DA:25,1
DA:26,1
DA:27,1
DA:31,1
DA:32,1
DA:33,1
DA:34,1
LF:21
LH:21
BRF:0
BRH:0
end_of_record
TN:
SF:C:/Users/herby/Videos/2nd/SendIT-develop/server/test/functions/validators.spec.js
FN:4,(anonymous_0)
FN:5,(anonymous_1)
FN:6,(anonymous_2)
FNF:3
FNH:3
FNDA:1,(anonymous_0)
FNDA:1,(anonymous_1)
FNDA:1,(anonymous_2)
DA:2,1
DA:5,1
DA:6,1
DA:7,1
DA:8,1
DA:9,1
DA:12,1
DA:13,1
DA:14,1
DA:15,1
LF:10
LH:10
BRF:0
BRH:0
end_of_record
TN:
SF:C:/Users/herby/Videos/2nd/SendIT-develop/server/test/models/allModels.spec.js
FN:8,(anonymous_1)
FN:9,(anonymous_2)
FN:15,(anonymous_3)
FN:20,(anonymous_4)
FN:30,(anonymous_5)
FNF:5
FNH:5
FNDA:1,(anonymous_1)
FNDA:1,(anonymous_2)
FNDA:1,(anonymous_3)
FNDA:1,(anonymous_4)
FNDA:1,(anonymous_5)
DA:1,1
DA:2,1
DA:3,1
DA:4,1
DA:6,1
DA:7,1
DA:8,1
DA:9,1
DA:10,1
DA:11,1
DA:12,1
DA:13,1
DA:15,1
DA:16,1
DA:17,1
DA:18,1
DA:20,1
DA:21,1
DA:22,1
DA:23,1
DA:24,1
DA:25,1
DA:26,1
DA:27,1
DA:28,1
DA:30,1
DA:31,1
DA:32,1
DA:33,1
LF:29
LH:29
BRF:0
BRH:0
end_of_record
TN:
SF:C:/Users/herby/Videos/2nd/SendIT-develop/server/utils/damies.js
FNF:0
FNH:0
DA:1,1
LF:1
LH:1
BRF:0
BRH:0
end_of_record
TN:
SF:C:/Users/herby/Videos/2nd/SendIT-develop/server/utils/httpResponses.js
FN:1,okResponse
FN:10,badResponse
FNF:2
FNH:2
FNDA:9,okResponse
FNDA:7,badResponse
DA:1,1
DA:2,9
DA:7,9
DA:10,1
DA:11,7
DA:14,7
DA:15,7
DA:16,7
LF:8
LH:8
BRDA:14,0,0,2
BRDA:14,0,1,5
BRDA:15,1,0,7
BRDA:15,1,1,0
BRF:4
BRH:3
end_of_record
TN:
SF:C:/Users/herby/Videos/2nd/SendIT-develop/server/utils/queryHelper.js
FN:1,findIndex
FN:5,(anonymous_1)
FNF:2
FNH:2
FNDA:5,findIndex
FNDA:6,(anonymous_1)
DA:1,1
DA:2,5
DA:3,1
DA:5,6
DA:6,4
DA:7,4
DA:8,3
DA:10,1
LF:8
LH:8
BRDA:2,0,0,1
BRDA:2,0,1,4
BRDA:7,1,0,3
BRDA:7,1,1,1
BRDA:7,2,0,4
BRDA:7,2,1,3
BRF:6
BRH:6
end_of_record
TN:
SF:C:/Users/herby/Videos/2nd/SendIT-develop/server/utils/types.js
FNF:0
FNH:0
DA:1,1
DA:2,1
DA:3,1
LF:3
LH:3
BRF:0
BRH:0
end_of_record
TN:
SF:C:/Users/herby/Videos/2nd/SendIT-develop/server/utils/validatorHelpers.js
FN:1,isEmpty
FN:6,isInteger
FN:8,isStringInteger
FNF:3
FNH:3
FNDA:82,isEmpty
FNDA:20,isInteger
FNDA:3,isStringInteger
DA:1,82
DA:6,20
DA:8,3
LF:3
LH:3
BRDA:1,0,0,82
BRDA:1,0,1,48
BRDA:1,0,2,33
BRDA:1,0,3,13
BRDA:1,0,4,29
BRDA:1,0,5,12
BRDA:3,1,0,0
BRDA:3,1,1,33
BRDA:6,2,0,20
BRDA:6,2,1,5
BRF:10
BRH:9
end_of_record
TN:
SF:C:/Users/herby/Videos/2nd/SendIT-develop/server/validations/parcelsValidations.js
FN:3,createParcelValidator
FNF:1
FNH:1
FNDA:9,createParcelValidator
DA:1,1
DA:3,1
DA:4,9
DA:5,9
DA:6,9
DA:8,9
DA:9,8
DA:11,9
DA:12,7
DA:14,9
DA:15,7
DA:17,9
DA:18,7
DA:20,9
DA:21,7
DA:23,9
DA:24,7
DA:26,9
LF:18
LH:18
BRDA:5,0,0,2
BRDA:5,0,1,7
BRDA:6,1,0,2
BRDA:6,1,1,7
BRDA:8,2,0,8
BRDA:8,2,1,1
BRDA:11,3,0,7
BRDA:11,3,1,2
BRDA:14,4,0,7
BRDA:14,4,1,2
BRDA:17,5,0,7
BRDA:17,5,1,2
BRDA:20,6,0,7
BRDA:20,6,1,2
BRDA:23,7,0,7
BRDA:23,7,1,2
BRF:16
BRH:16
end_of_record
TN:
SF:C:/Users/herby/Videos/2nd/SendIT-develop/server/validations/userValidations.js
FN:3,signUpValidation
FNF:1
FNH:1
FNDA:3,signUpValidation
DA:1,1
DA:3,1
DA:4,3
DA:5,3
DA:6,1
DA:8,3
DA:9,1
DA:11,3
DA:12,1
DA:14,3
DA:15,1
DA:18,3
LF:12
LH:12
BRDA:5,0,0,1
BRDA:5,0,1,2
BRDA:8,1,0,1
BRDA:8,1,1,2
BRDA:11,2,0,1
BRDA:11,2,1,2
BRDA:14,3,0,1
BRDA:14,3,1,2
BRF:8
BRH:8
end_of_record
